Unity Editor version:    2022.3.42f1 (2dcb6a0abc42)
Branch:                  2022.3/staging
Build type:              Release
Batch mode:              YES
System name:             Linux
Distro version:          #40-Ubuntu SMP PREEMPT_DYNAMIC Fri Jul  5 10:34:03 UTC 2024
Kernel version:          6.8.0-40-generic
Architecture:            x86_64
Available memory:        15692 MB
Using pre-set license
Pro License: YES

(Unity:165253): Gtk-CRITICAL **: 20:24:53.793: gtk_window_set_default_icon: assertion 'GDK_IS_PIXBUF (icon)' failed

(Unity:165253): GLib-GObject-CRITICAL **: 20:24:53.793: g_object_unref: assertion 'G_IS_OBJECT (object)' failed
Desktop is 4480 x 1440 @ 60 Hz
Initialize udev device monitor.

COMMAND LINE ARGUMENTS:
Unity
-adb2
-batchMode
-noUpm
-name
AssetImportWorker12
-projectPath
/home/frese/Seas-of-siege
-logFile
Logs/AssetImportWorker12.log
-srvPort
38143
Successfully changed project path to: /home/frese/Seas-of-siege
/home/frese/Seas-of-siege
[UnityMemory] Configuration Parameters - Can be set up in boot.config
    "memorysetup-bucket-allocator-granularity=16"
    "memorysetup-bucket-allocator-bucket-count=8"
    "memorysetup-bucket-allocator-block-size=33554432"
    "memorysetup-bucket-allocator-block-count=8"
    "memorysetup-main-allocator-block-size=16777216"
    "memorysetup-thread-allocator-block-size=16777216"
    "memorysetup-gfx-main-allocator-block-size=16777216"
    "memorysetup-gfx-thread-allocator-block-size=16777216"
    "memorysetup-cache-allocator-block-size=4194304"
    "memorysetup-typetree-allocator-block-size=2097152"
    "memorysetup-profiler-bucket-allocator-granularity=16"
    "memorysetup-profiler-bucket-allocator-bucket-count=8"
    "memorysetup-profiler-bucket-allocator-block-size=33554432"
    "memorysetup-profiler-bucket-allocator-block-count=8"
    "memorysetup-profiler-allocator-block-size=16777216"
    "memorysetup-profiler-editor-allocator-block-size=1048576"
    "memorysetup-temp-allocator-size-main=16777216"
    "memorysetup-job-temp-allocator-block-size=2097152"
    "memorysetup-job-temp-allocator-block-size-background=1048576"
    "memorysetup-job-temp-allocator-reduction-small-platforms=262144"
    "memorysetup-allocator-temp-initial-block-size-main=262144"
    "memorysetup-allocator-temp-initial-block-size-worker=262144"
    "memorysetup-temp-allocator-size-background-worker=32768"
    "memorysetup-temp-allocator-size-job-worker=262144"
    "memorysetup-temp-allocator-size-preload-manager=33554432"
    "memorysetup-temp-allocator-size-nav-mesh-worker=65536"
    "memorysetup-temp-allocator-size-audio-worker=65536"
    "memorysetup-temp-allocator-size-cloud-worker=32768"
    "memorysetup-temp-allocator-size-gi-baking-worker=262144"
    "memorysetup-temp-allocator-size-gfx=262144"
Player connection [128539527857152]  Target information:

Player connection [128539527857152]  * "[IP] 192.168.0.51 [Port] 0 [Flags] 2 [Guid] 1765683450 [EditorId] 1765683450 [Version] 1048832 [Id] LinuxEditor(16,192.168.0.51) [Debug] 1 [PackageName] LinuxEditor [ProjectName] Editor" 

Player connection [128539527857152] Host joined multi-casting on [225.0.0.222:54997]...
Player connection [128539527857152] Host joined alternative multi-casting on [225.0.0.222:34997]...
[PhysX] Initialized MultithreadedTaskDispatcher with 20 workers.
Refreshing native plugins compatible for Editor in 1.19 ms, found 0 plugins.
Preloading 0 native plugins for Editor in 0.00 ms.
Initialize engine version: 2022.3.42f1 (2dcb6a0abc42)
[Subsystems] Discovering subsystems at path /home/frese/Unity/Hub/Editor/2022.3.42f1/Editor/Data/Resources/UnitySubsystems
[Subsystems] Discovering subsystems at path /home/frese/Seas-of-siege/Assets
GLX Extensions: GLX_ARB_context_flush_control GLX_ARB_create_context GLX_ARB_create_context_no_error GLX_ARB_create_context_profile GLX_ARB_create_context_robustness GLX_ARB_fbconfig_float GLX_ARB_framebuffer_sRGB GLX_ARB_get_proc_address GLX_ARB_multisample GLX_EXT_buffer_age GLX_EXT_create_context_es2_profile GLX_EXT_create_context_es_profile GLX_EXT_fbconfig_packed_float GLX_EXT_framebuffer_sRGB GLX_EXT_no_config_context GLX_EXT_swap_control GLX_EXT_swap_control_tear GLX_EXT_texture_from_pixmap GLX_EXT_visual_info GLX_EXT_visual_rating GLX_INTEL_swap_event GLX_MESA_copy_sub_buffer GLX_MESA_gl_interop GLX_MESA_query_renderer GLX_MESA_swap_control GLX_OML_sync_control GLX_SGIS_multisample GLX_SGIX_fbconfig GLX_SGIX_pbuffer GLX_SGIX_visual_select_group GLX_SGI_make_current_read GLX_SGI_swap_control GLX_SGI_video_sync 
Renderer: Mesa Intel(R) Graphics (ADL GT2)
Vendor:   Intel
Version:  4.6 (Core Profile) Mesa 24.0.9-0ubuntu0.1
GLES:     0
 GL_3DFX_texture_compression_FXT1 GL_AMD_conservative_depth GL_AMD_depth_clamp_separate GL_AMD_draw_buffers_blend GL_AMD_gpu_shader_int64 GL_AMD_multi_draw_indirect GL_AMD_performance_monitor GL_AMD_pinned_memory GL_AMD_query_buffer_object GL_AMD_seamless_cubemap_per_texture GL_AMD_shader_stencil_export GL_AMD_shader_trinary_minmax GL_AMD_texture_texture4 GL_AMD_vertex_shader_layer GL_AMD_vertex_shader_viewport_index GL_ANGLE_texture_compression_dxt3 GL_ANGLE_texture_compression_dxt5 GL_ARB_ES2_compatibility GL_ARB_ES3_1_compatibility GL_ARB_ES3_2_compatibility GL_ARB_ES3_compatibility GL_ARB_arrays_of_arrays GL_ARB_base_instance GL_ARB_blend_func_extended GL_ARB_buffer_storage GL_ARB_clear_buffer_object GL_ARB_clear_texture GL_ARB_clip_control GL_ARB_compressed_texture_pixel_storage GL_ARB_compute_shader GL_ARB_compute_variable_group_size GL_ARB_conditional_render_inverted GL_ARB_conservative_depth GL_ARB_copy_buffer GL_ARB_copy_image GL_ARB_cull_distance GL_ARB_debug_output GL_ARB_depth_buffer_float GL_ARB
_depth_clamp GL_ARB_derivative_control GL_ARB_direct_state_access GL_ARB_draw_buffers GL_ARB_draw_buffers_blend GL_ARB_draw_elements_base_vertex GL_ARB_draw_indirect GL_ARB_draw_instanced GL_ARB_enhanced_layouts GL_ARB_explicit_attrib_location GL_ARB_explicit_uniform_location GL_ARB_fragment_coord_conventions GL_ARB_fragment_layer_viewport GL_ARB_fragment_shader GL_ARB_fragment_shader_interlock GL_ARB_framebuffer_no_attachments GL_ARB_framebuffer_object GL_ARB_framebuffer_sRGB GL_ARB_get_program_binary GL_ARB_get_texture_sub_image GL_ARB_gl_spirv GL_ARB_gpu_shader5 GL_ARB_gpu_shader_fp64 GL_ARB_gpu_shader_int64 GL_ARB_half_float_pixel GL_ARB_half_float_vertex GL_ARB_indirect_parameters GL_ARB_instanced_arrays GL_ARB_internalformat_query GL_ARB_internalformat_query2 GL_ARB_invalidate_subdata GL_ARB_map_buffer_alignment GL_ARB_map_buffer_range GL_ARB_multi_bind GL_ARB_multi_draw_indirect GL_ARB_occlusion_query2 GL_ARB_parallel_shader_compile GL_ARB_pipeline_statistics_query GL_ARB_pixel_buffer_object GL_ARB_po
int_sprite GL_ARB_polygon_offset_clamp GL_ARB_post_depth_coverage GL_ARB_program_interface_query GL_ARB_provoking_vertex GL_ARB_query_buffer_object GL_ARB_robust_buffer_access_behavior GL_ARB_robustness GL_ARB_sample_shading GL_ARB_sampler_objects GL_ARB_seamless_cube_map GL_ARB_seamless_cubemap_per_texture GL_ARB_separate_shader_objects GL_ARB_shader_atomic_counter_ops GL_ARB_shader_atomic_counters GL_ARB_shader_ballot GL_ARB_shader_bit_encoding GL_ARB_shader_clock GL_ARB_shader_draw_parameters GL_ARB_shader_group_vote GL_ARB_shader_image_load_store GL_ARB_shader_image_size GL_ARB_shader_objects GL_ARB_shader_precision GL_ARB_shader_stencil_export GL_ARB_shader_storage_buffer_object GL_ARB_shader_subroutine GL_ARB_shader_texture_image_samples GL_ARB_shader_texture_lod GL_ARB_shader_viewport_layer_array GL_ARB_shading_language_420pack GL_ARB_shading_language_include GL_ARB_shading_language_packing GL_ARB_spirv_extensions GL_ARB_stencil_texturing GL_ARB_sync GL_ARB_tessellation_shader GL_ARB_texture_barrier G
L_ARB_texture_border_clamp GL_ARB_texture_buffer_object GL_ARB_texture_buffer_object_rgb32 GL_ARB_texture_buffer_range GL_ARB_texture_compression_bptc GL_ARB_texture_compression_rgtc GL_ARB_texture_cube_map_array GL_ARB_texture_filter_anisotropic GL_ARB_texture_float GL_ARB_texture_gather GL_ARB_texture_mirror_clamp_to_edge GL_ARB_texture_multisample GL_ARB_texture_non_power_of_two GL_ARB_texture_query_levels GL_ARB_texture_query_lod GL_ARB_texture_rectangle GL_ARB_texture_rg GL_ARB_texture_rgb10_a2ui GL_ARB_texture_stencil8 GL_ARB_texture_storage GL_ARB_texture_storage_multisample GL_ARB_texture_swizzle GL_ARB_texture_view GL_ARB_timer_query GL_ARB_transform_feedback2 GL_ARB_transform_feedback3 GL_ARB_transform_feedback_instanced GL_ARB_transform_feedback_overflow_query GL_ARB_uniform_buffer_object GL_ARB_vertex_array_bgra GL_ARB_vertex_array_object GL_ARB_vertex_attrib_64bit GL_ARB_vertex_attrib_binding GL_ARB_vertex_buffer_object GL_ARB_vertex_shader GL_ARB_vertex_type_10f_11f_11f_rev GL_ARB_vertex_type_2
_10_10_10_rev GL_ARB_viewport_array GL_ATI_blend_equation_separate GL_ATI_texture_float GL_EXT_EGL_image_storage GL_EXT_EGL_sync GL_EXT_abgr GL_EXT_blend_equation_separate GL_EXT_debug_label GL_EXT_demote_to_helper_invocation GL_EXT_depth_bounds_test GL_EXT_draw_buffers2 GL_EXT_draw_instanced GL_EXT_framebuffer_blit GL_EXT_framebuffer_multisample GL_EXT_framebuffer_multisample_blit_scaled GL_EXT_framebuffer_object GL_EXT_framebuffer_sRGB GL_EXT_memory_object GL_EXT_memory_object_fd GL_EXT_packed_depth_stencil GL_EXT_packed_float GL_EXT_pixel_buffer_object GL_EXT_polygon_offset_clamp GL_EXT_provoking_vertex GL_EXT_semaphore GL_EXT_semaphore_fd GL_EXT_shader_framebuffer_fetch GL_EXT_shader_framebuffer_fetch_non_coherent GL_EXT_shader_integer_mix GL_EXT_shader_samples_identical GL_EXT_texture_array GL_EXT_texture_compression_dxt1 GL_EXT_texture_compression_rgtc GL_EXT_texture_compression_s3tc GL_EXT_texture_filter_anisotropic GL_EXT_texture_integer GL_EXT_texture_sRGB GL_EXT_texture_sRGB_R8 GL_EXT_texture_sRGB_
decode GL_EXT_texture_shadow_lod GL_EXT_texture_shared_exponent GL_EXT_texture_snorm GL_EXT_texture_swizzle GL_EXT_timer_query GL_EXT_transform_feedback GL_EXT_vertex_array_bgra GL_EXT_vertex_attrib_64bit GL_IBM_multimode_draw_arrays GL_INTEL_blackhole_render GL_INTEL_conservative_rasterization GL_INTEL_performance_query GL_INTEL_shader_atomic_float_minmax GL_INTEL_shader_integer_functions2 GL_KHR_blend_equation_advanced GL_KHR_blend_equation_advanced_coherent GL_KHR_context_flush_control GL_KHR_debug GL_KHR_no_error GL_KHR_parallel_shader_compile GL_KHR_robust_buffer_access_behavior GL_KHR_robustness GL_KHR_texture_compression_astc_ldr GL_KHR_texture_compression_astc_sliced_3d GL_MESA_framebuffer_flip_y GL_MESA_pack_invert GL_MESA_shader_integer_functions GL_MESA_texture_const_bandwidth GL_MESA_texture_signed_rgba GL_NV_alpha_to_coverage_dither_control GL_NV_compute_shader_derivatives GL_NV_conditional_render GL_NV_copy_image GL_NV_depth_clamp GL_NV_fragment_shader_interlock GL_NV_packed_depth_stencil GL_NV
_texture_barrier GL_OES_EGL_image GL_S3_s3tc
OPENGL LOG: Creating OpenGL 4.6 graphics device ; Context level  <OpenGL 4.5> ; Context handle -1930214800
Initialize mono
Mono path[0] = '/home/frese/Unity/Hub/Editor/2022.3.42f1/Editor/Data/Managed'
Mono path[1] = '/home/frese/Unity/Hub/Editor/2022.3.42f1/Editor/Data/MonoBleedingEdge/lib/mono/unityjit-linux'
Mono config path = '/home/frese/Unity/Hub/Editor/2022.3.42f1/Editor/Data/MonoBleedingEdge/etc'
Using monoOptions --debugger-agent=transport=dt_socket,embedding=1,server=y,suspend=n,address=127.0.0.1:56253
Begin MonoManager ReloadAssembly
Registering precompiled unity dll's ...
Register platform support module: /home/frese/Unity/Hub/Editor/2022.3.42f1/Editor/Data/PlaybackEngines/WebGLSupport/UnityEditor.WebGL.Extensions.dll
Register platform support module: /home/frese/Unity/Hub/Editor/2022.3.42f1/Editor/Data/PlaybackEngines/LinuxStandaloneSupport/UnityEditor.LinuxStandalone.Extensions.dll
Registered in 0.003937 seconds.
- Loaded All Assemblies, in  0.218 seconds
Native extension for LinuxStandalone target not found
Native extension for WebGL target not found
Mono: successfully reloaded assembly
- Finished resetting the current domain, in  0.190 seconds
Domain Reload Profiling: 409ms
	BeginReloadAssembly (51ms)
		ExecutionOrderSort (0ms)
		DisableScriptedObjects (0ms)
		BackupInstance (0ms)
		ReleaseScriptingObjects (0ms)
		CreateAndSetChildDomain (0ms)
	RebuildCommonClasses (25ms)
	RebuildNativeTypeToScriptingClass (5ms)
	initialDomainReloadingComplete (41ms)
	LoadAllAssembliesAndSetupDomain (96ms)
		LoadAssemblies (51ms)
		RebuildTransferFunctionScriptingTraits (0ms)
		AnalyzeDomain (95ms)
			TypeCache.Refresh (94ms)
				TypeCache.ScanAssembly (85ms)
			ScanForSourceGeneratedMonoScriptInfo (0ms)
			ResolveRequiredComponents (0ms)
	FinalizeReload (191ms)
		ReleaseScriptCaches (0ms)
		RebuildScriptCaches (0ms)
		SetupLoadedEditorAssemblies (156ms)
			LogAssemblyErrors (0ms)
			InitializePlatformSupportModulesInManaged (7ms)
			SetLoadedEditorAssemblies (4ms)
			RefreshPlugins (0ms)
			BeforeProcessingInitializeOnLoad (1ms)
			ProcessInitializeOnLoadAttributes (109ms)
			ProcessInitializeOnLoadMethodAttributes (34ms)
			AfterProcessingInitializeOnLoad (0ms)
			EditorAssembliesLoaded (0ms)
		ExecutionOrderSort2 (0ms)
		AwakeInstancesAfterBackupRestoration (0ms)
========================================================================
Worker process is ready to serve import requests
Caller must complete domain reload
Begin MonoManager ReloadAssembly
- Loaded All Assemblies, in  0.401 seconds
Native extension for LinuxStandalone target not found
Native extension for WebGL target not found
Package Manager log level set to [2]
[Package Manager] Server::EnsureServerProcessIsRunning -- launch failed, reason: Unity was launched with the -noUpm command-line argument
[Package Manager] UpmClient::Send -- Unable to send message (not connected to UPM process).
[Package Manager] Cannot connect to Unity Package Manager local server
Mono: successfully reloaded assembly
- Finished resetting the current domain, in  0.413 seconds
Domain Reload Profiling: 815ms
	BeginReloadAssembly (94ms)
		ExecutionOrderSort (0ms)
		DisableScriptedObjects (4ms)
		BackupInstance (0ms)
		ReleaseScriptingObjects (0ms)
		CreateAndSetChildDomain (20ms)
	RebuildCommonClasses (24ms)
	RebuildNativeTypeToScriptingClass (5ms)
	initialDomainReloadingComplete (29ms)
	LoadAllAssembliesAndSetupDomain (248ms)
		LoadAssemblies (173ms)
		RebuildTransferFunctionScriptingTraits (0ms)
		AnalyzeDomain (118ms)
			TypeCache.Refresh (104ms)
				TypeCache.ScanAssembly (94ms)
			ScanForSourceGeneratedMonoScriptInfo (10ms)
			ResolveRequiredComponents (3ms)
	FinalizeReload (414ms)
		ReleaseScriptCaches (0ms)
		RebuildScriptCaches (0ms)
		SetupLoadedEditorAssemblies (309ms)
			LogAssemblyErrors (0ms)
			InitializePlatformSupportModulesInManaged (5ms)
			SetLoadedEditorAssemblies (3ms)
			RefreshPlugins (0ms)
			BeforeProcessingInitializeOnLoad (38ms)
			ProcessInitializeOnLoadAttributes (238ms)
			ProcessInitializeOnLoadMethodAttributes (23ms)
			AfterProcessingInitializeOnLoad (2ms)
			EditorAssembliesLoaded (0ms)
		ExecutionOrderSort2 (0ms)
		AwakeInstancesAfterBackupRestoration (3ms)
Launched and connected shader compiler UnityShaderCompiler after 0.01 seconds
Refreshing native plugins compatible for Editor in 0.51 ms, found 0 plugins.
Preloading 0 native plugins for Editor in 0.00 ms.
Unloading 3136 Unused Serialized files (Serialized files now loaded: 0)
Unloading 19 unused Assets / (45.3 KB). Loaded Objects now: 3605.
Memory consumption went from 190.5 MB to 190.4 MB.
Total: 3.229735 ms (FindLiveObjects: 0.145640 ms CreateObjectMapping: 0.082494 ms MarkObjects: 2.870343 ms  DeleteObjects: 0.130128 ms)

AssetImportParameters requested are different than current active one (requested -> active):
  custom:container-demuxer-ogg: 62fdf1f143b41e24485cea50d1cbac27 -> 
  custom:video-decoder-ogg-theora: a1e56fd34408186e4bbccfd4996cb3dc -> 
  custom:scripting/monoscript/fileName/NewBehaviourScript.cs: b21687ddb03d73bd9f0c1daecb9714de -> 
  custom:CustomObjectIndexerAttribute: 232f87dd983dbecb2a4e21e08eb2cef8 -> 
  custom:container-demuxer-webm: 4f35f7cbe854078d1ac9338744f61a02 -> 
  custom:container-muxer-webm: aa71ff27fc2769a1b78a27578f13a17b -> 
  custom:video-decoder-webm-vp8: 9c59270c3fd7afecdb556c50c9e8de78 -> 
  custom:SearchIndexIgnoredProperties: e643bd26f0fe6173181afceb89e7c659 -> 
  custom:AudioImporter_EditorPlatform: 2f0ff77a95e0ac474e3e8eeba4e2f7cb -> 
  custom:video-encoder-webm-vp8: eb34c28f22e8b96e1ab97ce403110664 -> 
  custom:audio-decoder-ogg-vorbis: bf7c407c2cedff20999df2af8eb42d56 -> 
  custom:audio-encoder-webm-vorbis: bf7c407c2cedff20999df2af8eb42d56 -> 
========================================================================
Received Import Request.
  Time since last request: 33921.055927 seconds.
  path: Assets/kenney_tower-defense-kit/Isometric/towerRound_middleB_E.png
  artifactKey: Guid(386068cbd0456dad3a3f36d2461d7212) Importer(815301076,1909f56bfc062723c751e8b465ee728b)
Start importing Assets/kenney_tower-defense-kit/Isometric/towerRound_middleB_E.png using Guid(386068cbd0456dad3a3f36d2461d7212) Importer(815301076,1909f56bfc062723c751e8b465ee728b) [PhysX] Initialized MultithreadedTaskDispatcher with 20 workers.
[PhysX] Initialized MultithreadedTaskDispatcher with 20 workers.
 -> (artifact id: '3910bc4f920bd10600d0cac2ca2c12b9') in 0.044542 seconds
Number of updated asset objects reloaded before import = 0
Number of asset objects unloaded after import = 2
========================================================================
Received Import Request.
  Time since last request: 0.018590 seconds.
  path: Assets/kenney_tower-defense-kit/Isometric/towerRound_bottomC_S.png
  artifactKey: Guid(31b74a9ad41d73939afd5f2b583fd7ed) Importer(815301076,1909f56bfc062723c751e8b465ee728b)
Start importing Assets/kenney_tower-defense-kit/Isometric/towerRound_bottomC_S.png using Guid(31b74a9ad41d73939afd5f2b583fd7ed) Importer(815301076,1909f56bfc062723c751e8b465ee728b) [PhysX] Initialized MultithreadedTaskDispatcher with 20 workers.
[PhysX] Initialized MultithreadedTaskDispatcher with 20 workers.
 -> (artifact id: '97281e9d81f4f095bcbfcb64611974f4') in 0.004595 seconds
Number of updated asset objects reloaded before import = 0
Number of asset objects unloaded after import = 2
========================================================================
Received Import Request.
  Time since last request: 0.012183 seconds.
  path: Assets/kenney_tower-defense-kit/Isometric/towerRound_bottomA_S.png
  artifactKey: Guid(c68ab3d5618c29640a2897b82b94d48e) Importer(815301076,1909f56bfc062723c751e8b465ee728b)
Start importing Assets/kenney_tower-defense-kit/Isometric/towerRound_bottomA_S.png using Guid(c68ab3d5618c29640a2897b82b94d48e) Importer(815301076,1909f56bfc062723c751e8b465ee728b) [PhysX] Initialized MultithreadedTaskDispatcher with 20 workers.
[PhysX] Initialized MultithreadedTaskDispatcher with 20 workers.
 -> (artifact id: 'a4133c3b480ad4ce0a58e0df52c9e6fc') in 0.004556 seconds
Number of updated asset objects reloaded before import = 0
Number of asset objects unloaded after import = 2
========================================================================
Received Import Request.
  Time since last request: 0.000012 seconds.
  path: Assets/kenney_tower-defense-kit/Isometric/towerRound_bottomB_W.png
  artifactKey: Guid(b8c8579683ef82f16893d5f300f94b33) Importer(815301076,1909f56bfc062723c751e8b465ee728b)
Start importing Assets/kenney_tower-defense-kit/Isometric/towerRound_bottomB_W.png using Guid(b8c8579683ef82f16893d5f300f94b33) Importer(815301076,1909f56bfc062723c751e8b465ee728b) [PhysX] Initialized MultithreadedTaskDispatcher with 20 workers.
[PhysX] Initialized MultithreadedTaskDispatcher with 20 workers.
 -> (artifact id: '7f6da2a7c8440d298076c030d65cdff0') in 0.003440 seconds
Number of updated asset objects reloaded before import = 0
Number of asset objects unloaded after import = 2
========================================================================
Received Import Request.
  Time since last request: 0.030690 seconds.
  path: Assets/kenney_tower-defense-kit/Isometric/tile_straight_S.png
  artifactKey: Guid(bf23d222cc47e6e90bda05183a01b9ee) Importer(815301076,1909f56bfc062723c751e8b465ee728b)
Start importing Assets/kenney_tower-defense-kit/Isometric/tile_straight_S.png using Guid(bf23d222cc47e6e90bda05183a01b9ee) Importer(815301076,1909f56bfc062723c751e8b465ee728b) [PhysX] Initialized MultithreadedTaskDispatcher with 20 workers.
[PhysX] Initialized MultithreadedTaskDispatcher with 20 workers.
 -> (artifact id: 'c1c867f534776c46e9363d6e47a58bc0') in 0.004042 seconds
Number of updated asset objects reloaded before import = 0
Number of asset objects unloaded after import = 2
========================================================================
Received Import Request.
  Time since last request: 0.000011 seconds.
  path: Assets/kenney_tower-defense-kit/Side/tile_straightHill.png
  artifactKey: Guid(6c67cd494ddef4ff0950128e2d0a65bd) Importer(815301076,1909f56bfc062723c751e8b465ee728b)
Start importing Assets/kenney_tower-defense-kit/Side/tile_straightHill.png using Guid(6c67cd494ddef4ff0950128e2d0a65bd) Importer(815301076,1909f56bfc062723c751e8b465ee728b) [PhysX] Initialized MultithreadedTaskDispatcher with 20 workers.
[PhysX] Initialized MultithreadedTaskDispatcher with 20 workers.
 -> (artifact id: '0a392dfbe9bc2f3c99c3250ab4b1b0f1') in 0.004314 seconds
Number of updated asset objects reloaded before import = 0
Number of asset objects unloaded after import = 2
========================================================================
Received Import Request.
  Time since last request: 0.008356 seconds.
  path: Assets/kenney_tower-defense-kit/Isometric/tile_riverStraight_N.png
  artifactKey: Guid(66ffc6183a05be069a0e8db503da3d37) Importer(815301076,1909f56bfc062723c751e8b465ee728b)
Start importing Assets/kenney_tower-defense-kit/Isometric/tile_riverStraight_N.png using Guid(66ffc6183a05be069a0e8db503da3d37) Importer(815301076,1909f56bfc062723c751e8b465ee728b) [PhysX] Initialized MultithreadedTaskDispatcher with 20 workers.
[PhysX] Initialized MultithreadedTaskDispatcher with 20 workers.
 -> (artifact id: 'd8723b750126470adcfb80454bd9ed4f') in 0.004130 seconds
Number of updated asset objects reloaded before import = 0
Number of asset objects unloaded after import = 2
========================================================================
Received Import Request.
  Time since last request: 0.000011 seconds.
  path: Assets/kenney_tower-defense-kit/Side/tile_riverTransition.png
  artifactKey: Guid(3e7000adb200bde71b32b126a7dfb994) Importer(815301076,1909f56bfc062723c751e8b465ee728b)
Start importing Assets/kenney_tower-defense-kit/Side/tile_riverTransition.png using Guid(3e7000adb200bde71b32b126a7dfb994) Importer(815301076,1909f56bfc062723c751e8b465ee728b) [PhysX] Initialized MultithreadedTaskDispatcher with 20 workers.
[PhysX] Initialized MultithreadedTaskDispatcher with 20 workers.
 -> (artifact id: '3fab73d76d9956a05fee342951480f8f') in 0.003662 seconds
Number of updated asset objects reloaded before import = 0
Number of asset objects unloaded after import = 2
========================================================================
Received Import Request.
  Time since last request: 0.011524 seconds.
  path: Assets/kenney_tower-defense-kit/Isometric/tile_riverCorner_N.png
  artifactKey: Guid(7a08a743e37127a5d98b6781228cd929) Importer(815301076,1909f56bfc062723c751e8b465ee728b)
Start importing Assets/kenney_tower-defense-kit/Isometric/tile_riverCorner_N.png using Guid(7a08a743e37127a5d98b6781228cd929) Importer(815301076,1909f56bfc062723c751e8b465ee728b) [PhysX] Initialized MultithreadedTaskDispatcher with 20 workers.
[PhysX] Initialized MultithreadedTaskDispatcher with 20 workers.
 -> (artifact id: 'ae95821da9a28a3f17e4c2093b8b0b3e') in 0.004391 seconds
Number of updated asset objects reloaded before import = 0
Number of asset objects unloaded after import = 2
========================================================================
Received Import Request.
  Time since last request: 0.000016 seconds.
  path: Assets/kenney_tower-defense-kit/Isometric/tile_riverFall_N.png
  artifactKey: Guid(2126b2085f90f853494d83e77cb91009) Importer(815301076,1909f56bfc062723c751e8b465ee728b)
Start importing Assets/kenney_tower-defense-kit/Isometric/tile_riverFall_N.png using Guid(2126b2085f90f853494d83e77cb91009) Importer(815301076,1909f56bfc062723c751e8b465ee728b) [PhysX] Initialized MultithreadedTaskDispatcher with 20 workers.
[PhysX] Initialized MultithreadedTaskDispatcher with 20 workers.
 -> (artifact id: 'aa194d0ee8882d38154db77b6d993222') in 0.004156 seconds
Number of updated asset objects reloaded before import = 0
Number of asset objects unloaded after import = 2
========================================================================
Received Import Request.
  Time since last request: 0.010953 seconds.
  path: Assets/kenney_tower-defense-kit/Isometric/tile_endRoundSpawn_E.png
  artifactKey: Guid(f2820e5a53324560e998c1c26d381bfe) Importer(815301076,1909f56bfc062723c751e8b465ee728b)
Start importing Assets/kenney_tower-defense-kit/Isometric/tile_endRoundSpawn_E.png using Guid(f2820e5a53324560e998c1c26d381bfe) Importer(815301076,1909f56bfc062723c751e8b465ee728b) [PhysX] Initialized MultithreadedTaskDispatcher with 20 workers.
[PhysX] Initialized MultithreadedTaskDispatcher with 20 workers.
 -> (artifact id: '2defb98f847503f4cc6b5c41bbd419f2') in 0.004730 seconds
Number of updated asset objects reloaded before import = 0
Number of asset objects unloaded after import = 2
========================================================================
Received Import Request.
  Time since last request: 0.000011 seconds.
  path: Assets/kenney_tower-defense-kit/Isometric/tile_endSpawn_N.png
  artifactKey: Guid(df4bb8da8e4a8aec8ae4a724278f7ae1) Importer(815301076,1909f56bfc062723c751e8b465ee728b)
Start importing Assets/kenney_tower-defense-kit/Isometric/tile_endSpawn_N.png using Guid(df4bb8da8e4a8aec8ae4a724278f7ae1) Importer(815301076,1909f56bfc062723c751e8b465ee728b) [PhysX] Initialized MultithreadedTaskDispatcher with 20 workers.
[PhysX] Initialized MultithreadedTaskDispatcher with 20 workers.
 -> (artifact id: 'cf62d5101009fbca91b51eef13857ed3') in 0.003487 seconds
Number of updated asset objects reloaded before import = 0
Number of asset objects unloaded after import = 2
========================================================================
Received Import Request.
  Time since last request: 0.637782 seconds.
  path: Assets/kenney_tower-defense-kit/Isometric/tile_end_S.png
  artifactKey: Guid(4b6aee1eba34a93839eca282b95365a4) Importer(815301076,1909f56bfc062723c751e8b465ee728b)
Start importing Assets/kenney_tower-defense-kit/Isometric/tile_end_S.png using Guid(4b6aee1eba34a93839eca282b95365a4) Importer(815301076,1909f56bfc062723c751e8b465ee728b) [PhysX] Initialized MultithreadedTaskDispatcher with 20 workers.
[PhysX] Initialized MultithreadedTaskDispatcher with 20 workers.
 -> (artifact id: '72b99d9343d3e665138c8c71d97efc42') in 0.004378 seconds
Number of updated asset objects reloaded before import = 0
Number of asset objects unloaded after import = 2
========================================================================
Received Import Request.
  Time since last request: 0.000023 seconds.
  path: Assets/kenney_tower-defense-kit/Isometric/tile_endRound_N.png
  artifactKey: Guid(7d8032b740c1f20b597d1f104df7c39f) Importer(815301076,1909f56bfc062723c751e8b465ee728b)
Start importing Assets/kenney_tower-defense-kit/Isometric/tile_endRound_N.png using Guid(7d8032b740c1f20b597d1f104df7c39f) Importer(815301076,1909f56bfc062723c751e8b465ee728b) [PhysX] Initialized MultithreadedTaskDispatcher with 20 workers.
[PhysX] Initialized MultithreadedTaskDispatcher with 20 workers.
 -> (artifact id: 'bbd72b9d890c32b751488df8dd2ed3a4') in 0.003944 seconds
Number of updated asset objects reloaded before import = 0
Number of asset objects unloaded after import = 2
========================================================================
Received Import Request.
  Time since last request: 0.011235 seconds.
  path: Assets/kenney_tower-defense-kit/Isometric/tile_dirt_W.png
  artifactKey: Guid(17357542ff68d5a74863c0ee0113d408) Importer(815301076,1909f56bfc062723c751e8b465ee728b)
Start importing Assets/kenney_tower-defense-kit/Isometric/tile_dirt_W.png using Guid(17357542ff68d5a74863c0ee0113d408) Importer(815301076,1909f56bfc062723c751e8b465ee728b) [PhysX] Initialized MultithreadedTaskDispatcher with 20 workers.
[PhysX] Initialized MultithreadedTaskDispatcher with 20 workers.
 -> (artifact id: '41fe1734b4524f1039c64fc880e10d5b') in 0.005126 seconds
Number of updated asset objects reloaded before import = 0
Number of asset objects unloaded after import = 2
========================================================================
Received Import Request.
  Time since last request: 0.000047 seconds.
  path: Assets/kenney_tower-defense-kit/Isometric/tile_dirtHigh_S.png
  artifactKey: Guid(77e4444940bfde9609734d43cfc06426) Importer(815301076,1909f56bfc062723c751e8b465ee728b)
Start importing Assets/kenney_tower-defense-kit/Isometric/tile_dirtHigh_S.png using Guid(77e4444940bfde9609734d43cfc06426) Importer(815301076,1909f56bfc062723c751e8b465ee728b) [PhysX] Initialized MultithreadedTaskDispatcher with 20 workers.
[PhysX] Initialized MultithreadedTaskDispatcher with 20 workers.
 -> (artifact id: '6b88a76a0cf8c40f1aa2d9dbcdeb4ff0') in 0.004033 seconds
Number of updated asset objects reloaded before import = 0
Number of asset objects unloaded after import = 2
========================================================================
Received Import Request.
  Time since last request: 0.020862 seconds.
  path: Assets/kenney_tower-defense-kit/Isometric/tile_cornerSquare_S.png
  artifactKey: Guid(0e19c516131b2d22db2bc6c168b50566) Importer(815301076,1909f56bfc062723c751e8b465ee728b)
Start importing Assets/kenney_tower-defense-kit/Isometric/tile_cornerSquare_S.png using Guid(0e19c516131b2d22db2bc6c168b50566) Importer(815301076,1909f56bfc062723c751e8b465ee728b) [PhysX] Initialized MultithreadedTaskDispatcher with 20 workers.
[PhysX] Initialized MultithreadedTaskDispatcher with 20 workers.
 -> (artifact id: '2e09ff64dfecf67fa91ae3bf5d712099') in 0.005110 seconds
Number of updated asset objects reloaded before import = 0
Number of asset objects unloaded after import = 2
========================================================================
Received Import Request.
  Time since last request: 0.000013 seconds.
  path: Assets/kenney_tower-defense-kit/Isometric/tile_crossing_W.png
  artifactKey: Guid(910ccd2ef40f5cad89287eefc9d1b5f4) Importer(815301076,1909f56bfc062723c751e8b465ee728b)
Start importing Assets/kenney_tower-defense-kit/Isometric/tile_crossing_W.png using Guid(910ccd2ef40f5cad89287eefc9d1b5f4) Importer(815301076,1909f56bfc062723c751e8b465ee728b) [PhysX] Initialized MultithreadedTaskDispatcher with 20 workers.
[PhysX] Initialized MultithreadedTaskDispatcher with 20 workers.
 -> (artifact id: '1cdf107c76095f183de93416b0a32ed9') in 0.003954 seconds
Number of updated asset objects reloaded before import = 0
Number of asset objects unloaded after import = 2
========================================================================
Received Import Request.
  Time since last request: 0.000013 seconds.
  path: Assets/kenney_tower-defense-kit/Isometric/tile_cornerRound_S.png
  artifactKey: Guid(15170fabbd265c51d92b6ed52e335d38) Importer(815301076,1909f56bfc062723c751e8b465ee728b)
Start importing Assets/kenney_tower-defense-kit/Isometric/tile_cornerRound_S.png using Guid(15170fabbd265c51d92b6ed52e335d38) Importer(815301076,1909f56bfc062723c751e8b465ee728b) [PhysX] Initialized MultithreadedTaskDispatcher with 20 workers.
[PhysX] Initialized MultithreadedTaskDispatcher with 20 workers.
 -> (artifact id: '0f334acc3048b3a20ac55167cba4e051') in 0.003553 seconds
Number of updated asset objects reloaded before import = 0
Number of asset objects unloaded after import = 2
========================================================================
Received Import Request.
  Time since last request: 0.000011 seconds.
  path: Assets/kenney_tower-defense-kit/Isometric/tile_cornerRound_E.png
  artifactKey: Guid(ee039ace1e4b8889686461f180721919) Importer(815301076,1909f56bfc062723c751e8b465ee728b)
Start importing Assets/kenney_tower-defense-kit/Isometric/tile_cornerRound_E.png using Guid(ee039ace1e4b8889686461f180721919) Importer(815301076,1909f56bfc062723c751e8b465ee728b) [PhysX] Initialized MultithreadedTaskDispatcher with 20 workers.
[PhysX] Initialized MultithreadedTaskDispatcher with 20 workers.
 -> (artifact id: 'b5b5e4d187840a0da907f727ac66589e') in 0.004832 seconds
Number of updated asset objects reloaded before import = 0
Number of asset objects unloaded after import = 2
========================================================================
Received Import Request.
  Time since last request: 0.007254 seconds.
  path: Assets/kenney_tower-defense-kit/Isometric/tile_cornerInner_S.png
  artifactKey: Guid(91644dad7a5015f38acb25306be14898) Importer(815301076,1909f56bfc062723c751e8b465ee728b)
Start importing Assets/kenney_tower-defense-kit/Isometric/tile_cornerInner_S.png using Guid(91644dad7a5015f38acb25306be14898) Importer(815301076,1909f56bfc062723c751e8b465ee728b) [PhysX] Initialized MultithreadedTaskDispatcher with 20 workers.
[PhysX] Initialized MultithreadedTaskDispatcher with 20 workers.
 -> (artifact id: '31c9978757a607c2326cd887fab9e9bd') in 0.004894 seconds
Number of updated asset objects reloaded before import = 0
Number of asset objects unloaded after import = 2
========================================================================
Received Import Request.
  Time since last request: 0.000013 seconds.
  path: Assets/kenney_tower-defense-kit/Isometric/tile_cornerLarge_N.png
  artifactKey: Guid(2e2eb33e2ecac0fedb4e6437144b508e) Importer(815301076,1909f56bfc062723c751e8b465ee728b)
Start importing Assets/kenney_tower-defense-kit/Isometric/tile_cornerLarge_N.png using Guid(2e2eb33e2ecac0fedb4e6437144b508e) Importer(815301076,1909f56bfc062723c751e8b465ee728b) [PhysX] Initialized MultithreadedTaskDispatcher with 20 workers.
[PhysX] Initialized MultithreadedTaskDispatcher with 20 workers.
 -> (artifact id: 'e0f9a28fdbe39a33fef6980a73682b99') in 0.005057 seconds
Number of updated asset objects reloaded before import = 0
Number of asset objects unloaded after import = 2
========================================================================
Received Import Request.
  Time since last request: 0.007775 seconds.
  path: Assets/kenney_tower-defense-kit/Isometric/tile_bump_N.png
  artifactKey: Guid(6cb82c508357aa1d9a768ef0bd6647cd) Importer(815301076,1909f56bfc062723c751e8b465ee728b)
Start importing Assets/kenney_tower-defense-kit/Isometric/tile_bump_N.png using Guid(6cb82c508357aa1d9a768ef0bd6647cd) Importer(815301076,1909f56bfc062723c751e8b465ee728b) [PhysX] Initialized MultithreadedTaskDispatcher with 20 workers.
[PhysX] Initialized MultithreadedTaskDispatcher with 20 workers.
 -> (artifact id: 'ef4e3287a7ff249c4b20f96eb5a2b32f') in 0.004493 seconds
Number of updated asset objects reloaded before import = 0
Number of asset objects unloaded after import = 2
========================================================================
Received Import Request.
  Time since last request: 0.013131 seconds.
  path: Assets/kenney_tower-defense-kit/Isometric/snow_woodStructure_high_E.png
  artifactKey: Guid(c74bdc8f713ae7b95807f357fb996e9f) Importer(815301076,1909f56bfc062723c751e8b465ee728b)
Start importing Assets/kenney_tower-defense-kit/Isometric/snow_woodStructure_high_E.png using Guid(c74bdc8f713ae7b95807f357fb996e9f) Importer(815301076,1909f56bfc062723c751e8b465ee728b) [PhysX] Initialized MultithreadedTaskDispatcher with 20 workers.
[PhysX] Initialized MultithreadedTaskDispatcher with 20 workers.
 -> (artifact id: 'ba5c5933ce01f011ea1d230e2bd4c529') in 0.004934 seconds
Number of updated asset objects reloaded before import = 0
Number of asset objects unloaded after import = 2
========================================================================
Received Import Request.
  Time since last request: 0.000012 seconds.
  path: Assets/kenney_tower-defense-kit/Isometric/snow_woodStructure_W.png
  artifactKey: Guid(d06703c79d6ebb2e78e74d21f0043657) Importer(815301076,1909f56bfc062723c751e8b465ee728b)
Start importing Assets/kenney_tower-defense-kit/Isometric/snow_woodStructure_W.png using Guid(d06703c79d6ebb2e78e74d21f0043657) Importer(815301076,1909f56bfc062723c751e8b465ee728b) [PhysX] Initialized MultithreadedTaskDispatcher with 20 workers.
[PhysX] Initialized MultithreadedTaskDispatcher with 20 workers.
 -> (artifact id: '815033abe2fc3f4b893d3c0b5d2a1097') in 0.004017 seconds
Number of updated asset objects reloaded before import = 0
Number of asset objects unloaded after import = 2
========================================================================
Received Import Request.
  Time since last request: 0.008331 seconds.
  path: Assets/kenney_tower-defense-kit/Isometric/snow_tile_wideSplit_W.png
  artifactKey: Guid(3008adff0db1ca9259ff6250666747c0) Importer(815301076,1909f56bfc062723c751e8b465ee728b)
Start importing Assets/kenney_tower-defense-kit/Isometric/snow_tile_wideSplit_W.png using Guid(3008adff0db1ca9259ff6250666747c0) Importer(815301076,1909f56bfc062723c751e8b465ee728b) [PhysX] Initialized MultithreadedTaskDispatcher with 20 workers.
[PhysX] Initialized MultithreadedTaskDispatcher with 20 workers.
 -> (artifact id: 'a434e1b4dbe41a159df17d3d7fd6dab6') in 0.004226 seconds
Number of updated asset objects reloaded before import = 0
Number of asset objects unloaded after import = 2
========================================================================
Received Import Request.
  Time since last request: 0.000012 seconds.
  path: Assets/kenney_tower-defense-kit/Isometric/snow_tile_wideStraight_S.png
  artifactKey: Guid(4b615419bb13aa1178230ce97c700624) Importer(815301076,1909f56bfc062723c751e8b465ee728b)
Start importing Assets/kenney_tower-defense-kit/Isometric/snow_tile_wideStraight_S.png using Guid(4b615419bb13aa1178230ce97c700624) Importer(815301076,1909f56bfc062723c751e8b465ee728b) [PhysX] Initialized MultithreadedTaskDispatcher with 20 workers.
[PhysX] Initialized MultithreadedTaskDispatcher with 20 workers.
 -> (artifact id: '8bc874b3b2dcec8121b8887ff79276e2') in 0.003927 seconds
Number of updated asset objects reloaded before import = 0
Number of asset objects unloaded after import = 2
========================================================================
Received Import Request.
  Time since last request: 0.010109 seconds.
  path: Assets/kenney_tower-defense-kit/Isometric/snow_tile_wideCorner_S.png
  artifactKey: Guid(c6164af814e4b277b9b8dc8b3967e04e) Importer(815301076,1909f56bfc062723c751e8b465ee728b)
Start importing Assets/kenney_tower-defense-kit/Isometric/snow_tile_wideCorner_S.png using Guid(c6164af814e4b277b9b8dc8b3967e04e) Importer(815301076,1909f56bfc062723c751e8b465ee728b) [PhysX] Initialized MultithreadedTaskDispatcher with 20 workers.
[PhysX] Initialized MultithreadedTaskDispatcher with 20 workers.
 -> (artifact id: 'd194e976202b37827d2dc96de44ff6e3') in 0.005260 seconds
Number of updated asset objects reloaded before import = 0
Number of asset objects unloaded after import = 2
========================================================================
Received Import Request.
  Time since last request: 0.351092 seconds.
  path: Assets/kenney_tower-defense-kit/Isometric/snow_tile_treeQuad_S.png
  artifactKey: Guid(7d9ed692bdfd63b4cbda7f4fa8f19830) Importer(815301076,1909f56bfc062723c751e8b465ee728b)
Start importing Assets/kenney_tower-defense-kit/Isometric/snow_tile_treeQuad_S.png using Guid(7d9ed692bdfd63b4cbda7f4fa8f19830) Importer(815301076,1909f56bfc062723c751e8b465ee728b) [PhysX] Initialized MultithreadedTaskDispatcher with 20 workers.
[PhysX] Initialized MultithreadedTaskDispatcher with 20 workers.
 -> (artifact id: '50c10a42caa443dcf7d85659882bb43f') in 0.004406 seconds
Number of updated asset objects reloaded before import = 0
Number of asset objects unloaded after import = 2
========================================================================
Received Import Request.
  Time since last request: 0.012540 seconds.
  path: Assets/kenney_tower-defense-kit/Isometric/snow_tile_tree_S.png
  artifactKey: Guid(3158da2e76bd6fe75a82d2e2d2e57dc3) Importer(815301076,1909f56bfc062723c751e8b465ee728b)
Start importing Assets/kenney_tower-defense-kit/Isometric/snow_tile_tree_S.png using Guid(3158da2e76bd6fe75a82d2e2d2e57dc3) Importer(815301076,1909f56bfc062723c751e8b465ee728b) [PhysX] Initialized MultithreadedTaskDispatcher with 20 workers.
[PhysX] Initialized MultithreadedTaskDispatcher with 20 workers.
 -> (artifact id: '384333475498a019d2cd322b0999d994') in 0.004274 seconds
Number of updated asset objects reloaded before import = 0
Number of asset objects unloaded after import = 2
========================================================================
Received Import Request.
  Time since last request: 0.000054 seconds.
  path: Assets/kenney_tower-defense-kit/Isometric/snow_tile_treeDouble_S.png
  artifactKey: Guid(031ca13850a0226af934784f33b7b307) Importer(815301076,1909f56bfc062723c751e8b465ee728b)
Start importing Assets/kenney_tower-defense-kit/Isometric/snow_tile_treeDouble_S.png using Guid(031ca13850a0226af934784f33b7b307) Importer(815301076,1909f56bfc062723c751e8b465ee728b) [PhysX] Initialized MultithreadedTaskDispatcher with 20 workers.
[PhysX] Initialized MultithreadedTaskDispatcher with 20 workers.
 -> (artifact id: '4de58c810be2c4415b9cd79c94e64e70') in 0.004608 seconds
Number of updated asset objects reloaded before import = 0
Number of asset objects unloaded after import = 2
========================================================================
Received Import Request.
  Time since last request: 0.008855 seconds.
  path: Assets/kenney_tower-defense-kit/Isometric/snow_tile_straightHillLarge_S.png
  artifactKey: Guid(e9c8f4f078443e8b28bb14a7cdd45331) Importer(815301076,1909f56bfc062723c751e8b465ee728b)
Start importing Assets/kenney_tower-defense-kit/Isometric/snow_tile_straightHillLarge_S.png using Guid(e9c8f4f078443e8b28bb14a7cdd45331) Importer(815301076,1909f56bfc062723c751e8b465ee728b) [PhysX] Initialized MultithreadedTaskDispatcher with 20 workers.
[PhysX] Initialized MultithreadedTaskDispatcher with 20 workers.
 -> (artifact id: 'c68404faecb149b0f0b918168b05ca97') in 0.005660 seconds
Number of updated asset objects reloaded before import = 0
Number of asset objects unloaded after import = 2
========================================================================
Received Import Request.
  Time since last request: 0.013912 seconds.
  path: Assets/kenney_tower-defense-kit/Side/snow_tile_split.png
  artifactKey: Guid(f77fe5291933e434f8df3a1e731ed1fe) Importer(815301076,1909f56bfc062723c751e8b465ee728b)
Start importing Assets/kenney_tower-defense-kit/Side/snow_tile_split.png using Guid(f77fe5291933e434f8df3a1e731ed1fe) Importer(815301076,1909f56bfc062723c751e8b465ee728b) [PhysX] Initialized MultithreadedTaskDispatcher with 20 workers.
[PhysX] Initialized MultithreadedTaskDispatcher with 20 workers.
 -> (artifact id: 'b7e2108d4735dabd3d3a219af8cbecc8') in 0.004938 seconds
Number of updated asset objects reloaded before import = 0
Number of asset objects unloaded after import = 2
========================================================================
Received Import Request.
  Time since last request: 0.000013 seconds.
  path: Assets/kenney_tower-defense-kit/Isometric/snow_tile_split_S.png
  artifactKey: Guid(88fce396c08b5b699b62657c725f52cd) Importer(815301076,1909f56bfc062723c751e8b465ee728b)
Start importing Assets/kenney_tower-defense-kit/Isometric/snow_tile_split_S.png using Guid(88fce396c08b5b699b62657c725f52cd) Importer(815301076,1909f56bfc062723c751e8b465ee728b) [PhysX] Initialized MultithreadedTaskDispatcher with 20 workers.
[PhysX] Initialized MultithreadedTaskDispatcher with 20 workers.
 -> (artifact id: '10e8e48000f1d4521ac1ee0f1e9f3839') in 0.005796 seconds
Number of updated asset objects reloaded before import = 0
Number of asset objects unloaded after import = 2
========================================================================
Received Import Request.
  Time since last request: 0.013895 seconds.
  path: Assets/kenney_tower-defense-kit/Isometric/snow_tile_S.png
  artifactKey: Guid(161f8a4fa0be072b887b668a0fb42cf4) Importer(815301076,1909f56bfc062723c751e8b465ee728b)
Start importing Assets/kenney_tower-defense-kit/Isometric/snow_tile_S.png using Guid(161f8a4fa0be072b887b668a0fb42cf4) Importer(815301076,1909f56bfc062723c751e8b465ee728b) [PhysX] Initialized MultithreadedTaskDispatcher with 20 workers.
[PhysX] Initialized MultithreadedTaskDispatcher with 20 workers.
 -> (artifact id: '62c66f9bca4ca726025276eeeeae31f7') in 0.005131 seconds
Number of updated asset objects reloaded before import = 0
Number of asset objects unloaded after import = 2
========================================================================
Received Import Request.
  Time since last request: 0.019414 seconds.
  path: Assets/kenney_tower-defense-kit/Isometric/snow_tile_rock_E.png
  artifactKey: Guid(381d7123f1221e5709efdf445f8013b5) Importer(815301076,1909f56bfc062723c751e8b465ee728b)
Start importing Assets/kenney_tower-defense-kit/Isometric/snow_tile_rock_E.png using Guid(381d7123f1221e5709efdf445f8013b5) Importer(815301076,1909f56bfc062723c751e8b465ee728b) [PhysX] Initialized MultithreadedTaskDispatcher with 20 workers.
[PhysX] Initialized MultithreadedTaskDispatcher with 20 workers.
 -> (artifact id: '8e6661915712185cfdf35f3d85ba8827') in 0.003783 seconds
Number of updated asset objects reloaded before import = 0
Number of asset objects unloaded after import = 2
========================================================================
Received Import Request.
  Time since last request: 0.398085 seconds.
  path: Assets/kenney_tower-defense-kit/Isometric/snow_tile_riverTransition_N.png
  artifactKey: Guid(2be8ed739a89ca828a01d3a57a5f6f3c) Importer(815301076,1909f56bfc062723c751e8b465ee728b)
Start importing Assets/kenney_tower-defense-kit/Isometric/snow_tile_riverTransition_N.png using Guid(2be8ed739a89ca828a01d3a57a5f6f3c) Importer(815301076,1909f56bfc062723c751e8b465ee728b) [PhysX] Initialized MultithreadedTaskDispatcher with 20 workers.
[PhysX] Initialized MultithreadedTaskDispatcher with 20 workers.
 -> (artifact id: '4506af659b3922b27a5348a20a08484b') in 0.003933 seconds
Number of updated asset objects reloaded before import = 0
Number of asset objects unloaded after import = 2
========================================================================
Received Import Request.
  Time since last request: 0.005604 seconds.
  path: Assets/kenney_tower-defense-kit/Isometric/snow_tile_riverStraight_S.png
  artifactKey: Guid(de8eca2f0e892b518a5e84486644c339) Importer(815301076,1909f56bfc062723c751e8b465ee728b)
Start importing Assets/kenney_tower-defense-kit/Isometric/snow_tile_riverStraight_S.png using Guid(de8eca2f0e892b518a5e84486644c339) Importer(815301076,1909f56bfc062723c751e8b465ee728b) [PhysX] Initialized MultithreadedTaskDispatcher with 20 workers.
[PhysX] Initialized MultithreadedTaskDispatcher with 20 workers.
 -> (artifact id: '8839920d553ec8115de23927c9e32fd2') in 0.003866 seconds
Number of updated asset objects reloaded before import = 0
Number of asset objects unloaded after import = 2
========================================================================
Received Import Request.
  Time since last request: 0.013217 seconds.
  path: Assets/kenney_tower-defense-kit/Isometric/snow_tile_riverSlope_S.png
  artifactKey: Guid(d8d7d97181066adca9f9804a800a2936) Importer(815301076,1909f56bfc062723c751e8b465ee728b)
Start importing Assets/kenney_tower-defense-kit/Isometric/snow_tile_riverSlope_S.png using Guid(d8d7d97181066adca9f9804a800a2936) Importer(815301076,1909f56bfc062723c751e8b465ee728b) [PhysX] Initialized MultithreadedTaskDispatcher with 20 workers.
[PhysX] Initialized MultithreadedTaskDispatcher with 20 workers.
 -> (artifact id: '18e0fbc06dfcfb590b9dae3b1e5ab73f') in 0.004069 seconds
Number of updated asset objects reloaded before import = 0
Number of asset objects unloaded after import = 2
========================================================================
Received Import Request.
  Time since last request: 0.000011 seconds.
  path: Assets/kenney_tower-defense-kit/Isometric/snow_tile_riverSlopeLarge_W.png
  artifactKey: Guid(6574183d76c245fe391041cb5de8a3bb) Importer(815301076,1909f56bfc062723c751e8b465ee728b)
Start importing Assets/kenney_tower-defense-kit/Isometric/snow_tile_riverSlopeLarge_W.png using Guid(6574183d76c245fe391041cb5de8a3bb) Importer(815301076,1909f56bfc062723c751e8b465ee728b) [PhysX] Initialized MultithreadedTaskDispatcher with 20 workers.
[PhysX] Initialized MultithreadedTaskDispatcher with 20 workers.
 -> (artifact id: '5e658a6c35998eaaec60478ebc431828') in 0.004144 seconds
Number of updated asset objects reloaded before import = 0
Number of asset objects unloaded after import = 2
========================================================================
Received Import Request.
  Time since last request: 0.016621 seconds.
  path: Assets/kenney_tower-defense-kit/Isometric/snow_tile_riverCorner_S.png
  artifactKey: Guid(891c14e3ee1fc41dea7680bd7b72178e) Importer(815301076,1909f56bfc062723c751e8b465ee728b)
Start importing Assets/kenney_tower-defense-kit/Isometric/snow_tile_riverCorner_S.png using Guid(891c14e3ee1fc41dea7680bd7b72178e) Importer(815301076,1909f56bfc062723c751e8b465ee728b) [PhysX] Initialized MultithreadedTaskDispatcher with 20 workers.
[PhysX] Initialized MultithreadedTaskDispatcher with 20 workers.
 -> (artifact id: '5f68726ee4cf1b591a0522437d7a0bfc') in 0.005049 seconds
Number of updated asset objects reloaded before import = 0
Number of asset objects unloaded after import = 2
========================================================================
Received Import Request.
  Time since last request: 0.000011 seconds.
  path: Assets/kenney_tower-defense-kit/Isometric/snow_tile_riverFall_W.png
  artifactKey: Guid(8397b9a902df7f16d8b2dc28954cb729) Importer(815301076,1909f56bfc062723c751e8b465ee728b)
Start importing Assets/kenney_tower-defense-kit/Isometric/snow_tile_riverFall_W.png using Guid(8397b9a902df7f16d8b2dc28954cb729) Importer(815301076,1909f56bfc062723c751e8b465ee728b) [PhysX] Initialized MultithreadedTaskDispatcher with 20 workers.
[PhysX] Initialized MultithreadedTaskDispatcher with 20 workers.
 -> (artifact id: '70270773391f528d0326b657d1fd1a93') in 0.004137 seconds
Number of updated asset objects reloaded before import = 0
Number of asset objects unloaded after import = 2
========================================================================
Received Import Request.
  Time since last request: 0.010118 seconds.
  path: Assets/kenney_tower-defense-kit/Side/snow_tile_hill.png
  artifactKey: Guid(91ead8132d2d20110a065ebf7bb2aaa5) Importer(815301076,1909f56bfc062723c751e8b465ee728b)
Start importing Assets/kenney_tower-defense-kit/Side/snow_tile_hill.png using Guid(91ead8132d2d20110a065ebf7bb2aaa5) Importer(815301076,1909f56bfc062723c751e8b465ee728b) [PhysX] Initialized MultithreadedTaskDispatcher with 20 workers.
[PhysX] Initialized MultithreadedTaskDispatcher with 20 workers.
 -> (artifact id: '285781a52f6f816cf378adef557943e1') in 0.004286 seconds
Number of updated asset objects reloaded before import = 0
Number of asset objects unloaded after import = 2
========================================================================
Received Import Request.
  Time since last request: 0.000023 seconds.
  path: Assets/kenney_tower-defense-kit/Isometric/snow_tile_hill_W.png
  artifactKey: Guid(dd15f67c6d9895ca3a279827b96e2b9f) Importer(815301076,1909f56bfc062723c751e8b465ee728b)
Start importing Assets/kenney_tower-defense-kit/Isometric/snow_tile_hill_W.png using Guid(dd15f67c6d9895ca3a279827b96e2b9f) Importer(815301076,1909f56bfc062723c751e8b465ee728b) [PhysX] Initialized MultithreadedTaskDispatcher with 20 workers.
[PhysX] Initialized MultithreadedTaskDispatcher with 20 workers.
 -> (artifact id: '87832eb1cbbf63f1f8b3444d5f0c04ec') in 0.003966 seconds
Number of updated asset objects reloaded before import = 0
Number of asset objects unloaded after import = 2
========================================================================
Received Import Request.
  Time since last request: 0.013092 seconds.
  path: Assets/kenney_tower-defense-kit/Isometric/snow_tile_crystal_E.png
  artifactKey: Guid(a9d3c9c1cb527969194be99f316ac97a) Importer(815301076,1909f56bfc062723c751e8b465ee728b)
Start importing Assets/kenney_tower-defense-kit/Isometric/snow_tile_crystal_E.png using Guid(a9d3c9c1cb527969194be99f316ac97a) Importer(815301076,1909f56bfc062723c751e8b465ee728b) [PhysX] Initialized MultithreadedTaskDispatcher with 20 workers.
[PhysX] Initialized MultithreadedTaskDispatcher with 20 workers.
 -> (artifact id: '367ec2115034dcaeb705d22cb8c4f1f8') in 0.004221 seconds
Number of updated asset objects reloaded before import = 0
Number of asset objects unloaded after import = 2
========================================================================
Received Import Request.
  Time since last request: 0.000010 seconds.
  path: Assets/kenney_tower-defense-kit/Isometric/snow_tile_crystal_W.png
  artifactKey: Guid(9a06d50507cde0daf8cdc4db876fa44f) Importer(815301076,1909f56bfc062723c751e8b465ee728b)
Start importing Assets/kenney_tower-defense-kit/Isometric/snow_tile_crystal_W.png using Guid(9a06d50507cde0daf8cdc4db876fa44f) Importer(815301076,1909f56bfc062723c751e8b465ee728b) [PhysX] Initialized MultithreadedTaskDispatcher with 20 workers.
[PhysX] Initialized MultithreadedTaskDispatcher with 20 workers.
 -> (artifact id: '8d9360ac28c96b6db731f6ea162a8e1f') in 0.004683 seconds
Number of updated asset objects reloaded before import = 0
Number of asset objects unloaded after import = 2
========================================================================
Received Import Request.
  Time since last request: 0.012065 seconds.
  path: Assets/kenney_tower-defense-kit/Isometric/snow_tile_cornerSquare_S.png
  artifactKey: Guid(d32d89a68cfa705339969956f859126d) Importer(815301076,1909f56bfc062723c751e8b465ee728b)
Start importing Assets/kenney_tower-defense-kit/Isometric/snow_tile_cornerSquare_S.png using Guid(d32d89a68cfa705339969956f859126d) Importer(815301076,1909f56bfc062723c751e8b465ee728b) [PhysX] Initialized MultithreadedTaskDispatcher with 20 workers.
[PhysX] Initialized MultithreadedTaskDispatcher with 20 workers.
 -> (artifact id: '84d00e4a08ff4a1f805646c9c46df0fc') in 0.004562 seconds
Number of updated asset objects reloaded before import = 0
Number of asset objects unloaded after import = 2
========================================================================
Received Import Request.
  Time since last request: 0.000023 seconds.
  path: Assets/kenney_tower-defense-kit/Isometric/snow_tile_crossing_E.png
  artifactKey: Guid(fbec0e95544e7e289a53dbe2eda9e03e) Importer(815301076,1909f56bfc062723c751e8b465ee728b)
Start importing Assets/kenney_tower-defense-kit/Isometric/snow_tile_crossing_E.png using Guid(fbec0e95544e7e289a53dbe2eda9e03e) Importer(815301076,1909f56bfc062723c751e8b465ee728b) [PhysX] Initialized MultithreadedTaskDispatcher with 20 workers.
[PhysX] Initialized MultithreadedTaskDispatcher with 20 workers.
 -> (artifact id: '86e8cd3f1746671abbce9580ff85c818') in 0.005931 seconds
Number of updated asset objects reloaded before import = 0
Number of asset objects unloaded after import = 2
========================================================================
Received Import Request.
  Time since last request: 0.291934 seconds.
  path: Assets/kenney_tower-defense-kit/Side/snow_tile_cornerRound.png
  artifactKey: Guid(52e326399caca9b398eedebe04ffd758) Importer(815301076,1909f56bfc062723c751e8b465ee728b)
Start importing Assets/kenney_tower-defense-kit/Side/snow_tile_cornerRound.png using Guid(52e326399caca9b398eedebe04ffd758) Importer(815301076,1909f56bfc062723c751e8b465ee728b) [PhysX] Initialized MultithreadedTaskDispatcher with 20 workers.
[PhysX] Initialized MultithreadedTaskDispatcher with 20 workers.
 -> (artifact id: '5dc4596cf0292f41bd89e9115facdf17') in 0.003428 seconds
Number of updated asset objects reloaded before import = 0
Number of asset objects unloaded after import = 2
========================================================================
Received Import Request.
  Time since last request: 0.000016 seconds.
  path: Assets/kenney_tower-defense-kit/Isometric/snow_tile_cornerRound_S.png
  artifactKey: Guid(b99c2bc84c63bfb4eb4bc0e69fa3a691) Importer(815301076,1909f56bfc062723c751e8b465ee728b)
Start importing Assets/kenney_tower-defense-kit/Isometric/snow_tile_cornerRound_S.png using Guid(b99c2bc84c63bfb4eb4bc0e69fa3a691) Importer(815301076,1909f56bfc062723c751e8b465ee728b) [PhysX] Initialized MultithreadedTaskDispatcher with 20 workers.
[PhysX] Initialized MultithreadedTaskDispatcher with 20 workers.
 -> (artifact id: '5f8f86e2189b52b51e5b5403b28cafda') in 0.003772 seconds
Number of updated asset objects reloaded before import = 0
Number of asset objects unloaded after import = 2
========================================================================
Received Import Request.
  Time since last request: 0.018077 seconds.
  path: Assets/kenney_tower-defense-kit/Isometric/snow_tile_cornerOuter_E.png
  artifactKey: Guid(e48210423c408218eb2fd2f8edb51c48) Importer(815301076,1909f56bfc062723c751e8b465ee728b)
Start importing Assets/kenney_tower-defense-kit/Isometric/snow_tile_cornerOuter_E.png using Guid(e48210423c408218eb2fd2f8edb51c48) Importer(815301076,1909f56bfc062723c751e8b465ee728b) [PhysX] Initialized MultithreadedTaskDispatcher with 20 workers.
[PhysX] Initialized MultithreadedTaskDispatcher with 20 workers.
 -> (artifact id: '974713aca7c4a63400b46ddd3e30a5ea') in 0.003915 seconds
Number of updated asset objects reloaded before import = 0
Number of asset objects unloaded after import = 2
========================================================================
Received Import Request.
  Time since last request: 0.011031 seconds.
  path: Assets/kenney_tower-defense-kit/Isometric/snow_tile_cornerLarge_E.png
  artifactKey: Guid(b60a7dcabf7eebc3abe86916f4551330) Importer(815301076,1909f56bfc062723c751e8b465ee728b)
Start importing Assets/kenney_tower-defense-kit/Isometric/snow_tile_cornerLarge_E.png using Guid(b60a7dcabf7eebc3abe86916f4551330) Importer(815301076,1909f56bfc062723c751e8b465ee728b) [PhysX] Initialized MultithreadedTaskDispatcher with 20 workers.
[PhysX] Initialized MultithreadedTaskDispatcher with 20 workers.
 -> (artifact id: '040612a866c4e36c26cf3faae6ca859d') in 0.004289 seconds
Number of updated asset objects reloaded before import = 0
Number of asset objects unloaded after import = 2
========================================================================
Received Import Request.
  Time since last request: 0.012679 seconds.
  path: Assets/kenney_tower-defense-kit/Isometric/snow_detail_tree_E.png
  artifactKey: Guid(0a977ec2a42a58e90abe3615f50429a2) Importer(815301076,1909f56bfc062723c751e8b465ee728b)
Start importing Assets/kenney_tower-defense-kit/Isometric/snow_detail_tree_E.png using Guid(0a977ec2a42a58e90abe3615f50429a2) Importer(815301076,1909f56bfc062723c751e8b465ee728b) [PhysX] Initialized MultithreadedTaskDispatcher with 20 workers.
[PhysX] Initialized MultithreadedTaskDispatcher with 20 workers.
 -> (artifact id: 'ffbe7d96326eff04b8ec6fec2f654269') in 0.004111 seconds
Number of updated asset objects reloaded before import = 0
Number of asset objects unloaded after import = 2
========================================================================
Received Import Request.
  Time since last request: 0.000026 seconds.
  path: Assets/kenney_tower-defense-kit/Isometric/snow_detail_tree_W.png
  artifactKey: Guid(c695ce558ca9e700f94b4de64cfbeb07) Importer(815301076,1909f56bfc062723c751e8b465ee728b)
Start importing Assets/kenney_tower-defense-kit/Isometric/snow_detail_tree_W.png using Guid(c695ce558ca9e700f94b4de64cfbeb07) Importer(815301076,1909f56bfc062723c751e8b465ee728b) [PhysX] Initialized MultithreadedTaskDispatcher with 20 workers.
[PhysX] Initialized MultithreadedTaskDispatcher with 20 workers.
 -> (artifact id: '494be75ffcfb7dfc81129b1fdb8c1649') in 0.003988 seconds
Number of updated asset objects reloaded before import = 0
Number of asset objects unloaded after import = 2
========================================================================
Received Import Request.
  Time since last request: 0.012255 seconds.
  path: Assets/kenney_tower-defense-kit/Isometric/snow_detail_dirtLarge_N.png
  artifactKey: Guid(e0587924d6db63707bf628bcc158c68c) Importer(815301076,1909f56bfc062723c751e8b465ee728b)
Start importing Assets/kenney_tower-defense-kit/Isometric/snow_detail_dirtLarge_N.png using Guid(e0587924d6db63707bf628bcc158c68c) Importer(815301076,1909f56bfc062723c751e8b465ee728b) [PhysX] Initialized MultithreadedTaskDispatcher with 20 workers.
[PhysX] Initialized MultithreadedTaskDispatcher with 20 workers.
 -> (artifact id: '4dfa46ae7637927bded08fe01d4f3f1f') in 0.004687 seconds
Number of updated asset objects reloaded before import = 0
Number of asset objects unloaded after import = 2
========================================================================
Received Import Request.
  Time since last request: 0.000017 seconds.
  path: Assets/kenney_tower-defense-kit/Isometric/snow_detail_rocks_S.png
  artifactKey: Guid(10a6efc18a0d7269698d003709437280) Importer(815301076,1909f56bfc062723c751e8b465ee728b)
Start importing Assets/kenney_tower-defense-kit/Isometric/snow_detail_rocks_S.png using Guid(10a6efc18a0d7269698d003709437280) Importer(815301076,1909f56bfc062723c751e8b465ee728b) [PhysX] Initialized MultithreadedTaskDispatcher with 20 workers.
[PhysX] Initialized MultithreadedTaskDispatcher with 20 workers.
 -> (artifact id: '452cf98e16df38f36ec0acc4feac905b') in 0.004198 seconds
Number of updated asset objects reloaded before import = 0
Number of asset objects unloaded after import = 2
========================================================================
Received Import Request.
  Time since last request: 0.011899 seconds.
  path: Assets/kenney_mini-arena/Preview.png
  artifactKey: Guid(d2f035cbca3a32e4ab5ff465c1890fb5) Importer(815301076,1909f56bfc062723c751e8b465ee728b)
Start importing Assets/kenney_mini-arena/Preview.png using Guid(d2f035cbca3a32e4ab5ff465c1890fb5) Importer(815301076,1909f56bfc062723c751e8b465ee728b) [PhysX] Initialized MultithreadedTaskDispatcher with 20 workers.
[PhysX] Initialized MultithreadedTaskDispatcher with 20 workers.
 -> (artifact id: 'cd079ac361afa015f976501ab0140b83') in 0.005542 seconds
Number of updated asset objects reloaded before import = 0
Number of asset objects unloaded after import = 2
========================================================================
Received Import Request.
  Time since last request: 0.000020 seconds.
  path: Assets/kenney_tower-defense-kit/Side/snow_detail_crystal.png
  artifactKey: Guid(e56a0a6b74a6568bc895165f9cfc1e00) Importer(815301076,1909f56bfc062723c751e8b465ee728b)
Start importing Assets/kenney_tower-defense-kit/Side/snow_detail_crystal.png using Guid(e56a0a6b74a6568bc895165f9cfc1e00) Importer(815301076,1909f56bfc062723c751e8b465ee728b) [PhysX] Initialized MultithreadedTaskDispatcher with 20 workers.
[PhysX] Initialized MultithreadedTaskDispatcher with 20 workers.
 -> (artifact id: '6b6fa7f6e60b34da3ddff4efdd2beee9') in 0.004319 seconds
Number of updated asset objects reloaded before import = 0
Number of asset objects unloaded after import = 2
========================================================================
Received Import Request.
  Time since last request: 0.021647 seconds.
  path: Assets/kenney_tower-defense-kit/Isometric/enemy_ufoPurpleWeapon_E.png
  artifactKey: Guid(71466943c587890a6a70072b4a711e03) Importer(815301076,1909f56bfc062723c751e8b465ee728b)
Start importing Assets/kenney_tower-defense-kit/Isometric/enemy_ufoPurpleWeapon_E.png using Guid(71466943c587890a6a70072b4a711e03) Importer(815301076,1909f56bfc062723c751e8b465ee728b) [PhysX] Initialized MultithreadedTaskDispatcher with 20 workers.
[PhysX] Initialized MultithreadedTaskDispatcher with 20 workers.
 -> (artifact id: 'bc27147b7e78a9cb5b0722b6eb833bc2') in 0.004123 seconds
Number of updated asset objects reloaded before import = 0
Number of asset objects unloaded after import = 2
========================================================================
Received Import Request.
  Time since last request: 0.000021 seconds.
  path: Assets/kenney_tower-defense-kit/Side/enemy_ufoRed.png
  artifactKey: Guid(fbd83eb810846a36c9118a9401a1738f) Importer(815301076,1909f56bfc062723c751e8b465ee728b)
Start importing Assets/kenney_tower-defense-kit/Side/enemy_ufoRed.png using Guid(fbd83eb810846a36c9118a9401a1738f) Importer(815301076,1909f56bfc062723c751e8b465ee728b) [PhysX] Initialized MultithreadedTaskDispatcher with 20 workers.
[PhysX] Initialized MultithreadedTaskDispatcher with 20 workers.
 -> (artifact id: 'e968c52b691c4995dbadece2c981d0aa') in 0.004039 seconds
Number of updated asset objects reloaded before import = 0
Number of asset objects unloaded after import = 2
========================================================================
Received Import Request.
  Time since last request: 0.199608 seconds.
  path: Assets/kenney_tower-defense-kit/Side/enemy_ufoPurple.png
  artifactKey: Guid(c28ad99c7071679809702b218e05fa0f) Importer(815301076,1909f56bfc062723c751e8b465ee728b)
Start importing Assets/kenney_tower-defense-kit/Side/enemy_ufoPurple.png using Guid(c28ad99c7071679809702b218e05fa0f) Importer(815301076,1909f56bfc062723c751e8b465ee728b) [PhysX] Initialized MultithreadedTaskDispatcher with 20 workers.
[PhysX] Initialized MultithreadedTaskDispatcher with 20 workers.
 -> (artifact id: '52cf3fbf869202d28122d608e9363f29') in 0.003811 seconds
Number of updated asset objects reloaded before import = 0
Number of asset objects unloaded after import = 2
========================================================================
Received Import Request.
  Time since last request: 0.001938 seconds.
  path: Assets/kenney_tower-defense-kit/Isometric/enemy_ufoGreen_W.png
  artifactKey: Guid(550847a83b583d2778756a8858471487) Importer(815301076,1909f56bfc062723c751e8b465ee728b)
Start importing Assets/kenney_tower-defense-kit/Isometric/enemy_ufoGreen_W.png using Guid(550847a83b583d2778756a8858471487) Importer(815301076,1909f56bfc062723c751e8b465ee728b) [PhysX] Initialized MultithreadedTaskDispatcher with 20 workers.
[PhysX] Initialized MultithreadedTaskDispatcher with 20 workers.
 -> (artifact id: 'a8a424cb35aa47fcc85de3e70a6ca575') in 0.004159 seconds
Number of updated asset objects reloaded before import = 0
Number of asset objects unloaded after import = 2
========================================================================
Received Import Request.
  Time since last request: 0.013070 seconds.
  path: Assets/kenney_tower-defense-kit/Side/enemy_ufoGreen.png
  artifactKey: Guid(0439b9946fa0e5af082885168369412c) Importer(815301076,1909f56bfc062723c751e8b465ee728b)
Start importing Assets/kenney_tower-defense-kit/Side/enemy_ufoGreen.png using Guid(0439b9946fa0e5af082885168369412c) Importer(815301076,1909f56bfc062723c751e8b465ee728b) [PhysX] Initialized MultithreadedTaskDispatcher with 20 workers.
[PhysX] Initialized MultithreadedTaskDispatcher with 20 workers.
 -> (artifact id: '6e6c7c191eaf651adce39c77d8e38c50') in 0.003641 seconds
Number of updated asset objects reloaded before import = 0
Number of asset objects unloaded after import = 2
========================================================================
Received Import Request.
  Time since last request: 0.009989 seconds.
  path: Assets/kenney_tower-defense-kit/Isometric/detail_tree_W.png
  artifactKey: Guid(b438c4dcc3f4f506f9bb244df2abea42) Importer(815301076,1909f56bfc062723c751e8b465ee728b)
Start importing Assets/kenney_tower-defense-kit/Isometric/detail_tree_W.png using Guid(b438c4dcc3f4f506f9bb244df2abea42) Importer(815301076,1909f56bfc062723c751e8b465ee728b) [PhysX] Initialized MultithreadedTaskDispatcher with 20 workers.
[PhysX] Initialized MultithreadedTaskDispatcher with 20 workers.
 -> (artifact id: '19db9ce18c69e0aa18339b09f8de5406') in 0.005243 seconds
Number of updated asset objects reloaded before import = 0
Number of asset objects unloaded after import = 2
========================================================================
Received Import Request.
  Time since last request: 0.012211 seconds.
  path: Assets/kenney_tower-defense-kit/Isometric/detail_tree_E.png
  artifactKey: Guid(38a6df29b8dfca1c9bb5c301b15f18b0) Importer(815301076,1909f56bfc062723c751e8b465ee728b)
Start importing Assets/kenney_tower-defense-kit/Isometric/detail_tree_E.png using Guid(38a6df29b8dfca1c9bb5c301b15f18b0) Importer(815301076,1909f56bfc062723c751e8b465ee728b) [PhysX] Initialized MultithreadedTaskDispatcher with 20 workers.
[PhysX] Initialized MultithreadedTaskDispatcher with 20 workers.
 -> (artifact id: 'c5ef073a801db4392dc679ed242affe3') in 0.003866 seconds
Number of updated asset objects reloaded before import = 0
Number of asset objects unloaded after import = 2
========================================================================
Received Import Request.
  Time since last request: 0.965103 seconds.
  path: Assets/kenney_tower-defense-kit/Isometric/enemy_ufoYellowWeapon_E.png
  artifactKey: Guid(6d981ea2fc89647dfa3704ba0e44fa2a) Importer(815301076,1909f56bfc062723c751e8b465ee728b)
Start importing Assets/kenney_tower-defense-kit/Isometric/enemy_ufoYellowWeapon_E.png using Guid(6d981ea2fc89647dfa3704ba0e44fa2a) Importer(815301076,1909f56bfc062723c751e8b465ee728b) [PhysX] Initialized MultithreadedTaskDispatcher with 20 workers.
[PhysX] Initialized MultithreadedTaskDispatcher with 20 workers.
 -> (artifact id: '08a286166d425192bbd7ab5251a135a9') in 0.004956 seconds
Number of updated asset objects reloaded before import = 0
Number of asset objects unloaded after import = 2
========================================================================
Received Import Request.
  Time since last request: 0.000012 seconds.
  path: Assets/kenney_mini-arena/Previews/floor.png
  artifactKey: Guid(5983417dd8f16465b909ab0286e1b84b) Importer(815301076,1909f56bfc062723c751e8b465ee728b)
Start importing Assets/kenney_mini-arena/Previews/floor.png using Guid(5983417dd8f16465b909ab0286e1b84b) Importer(815301076,1909f56bfc062723c751e8b465ee728b) [PhysX] Initialized MultithreadedTaskDispatcher with 20 workers.
[PhysX] Initialized MultithreadedTaskDispatcher with 20 workers.
 -> (artifact id: '64254faa99309215cc519add71cce10f') in 0.004434 seconds
Number of updated asset objects reloaded before import = 0
Number of asset objects unloaded after import = 2
========================================================================
Received Import Request.
  Time since last request: 0.015078 seconds.
  path: Assets/kenney_tower-defense-kit/Side/snow_tile_endRound.png
  artifactKey: Guid(c0dd0ee7df71fec99a914f97298b2098) Importer(815301076,1909f56bfc062723c751e8b465ee728b)
Start importing Assets/kenney_tower-defense-kit/Side/snow_tile_endRound.png using Guid(c0dd0ee7df71fec99a914f97298b2098) Importer(815301076,1909f56bfc062723c751e8b465ee728b) [PhysX] Initialized MultithreadedTaskDispatcher with 20 workers.
[PhysX] Initialized MultithreadedTaskDispatcher with 20 workers.
 -> (artifact id: 'eb67b474f2b55e10c9fd35746f45b3d3') in 0.004259 seconds
Number of updated asset objects reloaded before import = 0
Number of asset objects unloaded after import = 2
========================================================================
Received Import Request.
  Time since last request: 0.000041 seconds.
  path: Assets/kenney_tower-defense-kit/Side/snow_tile_endRoundSpawn.png
  artifactKey: Guid(30c1271ff2da6c51fa5c42cc1123e705) Importer(815301076,1909f56bfc062723c751e8b465ee728b)
Start importing Assets/kenney_tower-defense-kit/Side/snow_tile_endRoundSpawn.png using Guid(30c1271ff2da6c51fa5c42cc1123e705) Importer(815301076,1909f56bfc062723c751e8b465ee728b) [PhysX] Initialized MultithreadedTaskDispatcher with 20 workers.
[PhysX] Initialized MultithreadedTaskDispatcher with 20 workers.
 -> (artifact id: 'e56dd2f0fecbbff700c0c54b8f31d0fd') in 0.003126 seconds
Number of updated asset objects reloaded before import = 0
Number of asset objects unloaded after import = 2
========================================================================
Received Import Request.
  Time since last request: 0.125923 seconds.
  path: Assets/kenney_tower-defense-kit/Isometric/tile_riverBridge_S.png
  artifactKey: Guid(a0a8c1d531c2bf0e9a05648794968cd1) Importer(815301076,1909f56bfc062723c751e8b465ee728b)
Start importing Assets/kenney_tower-defense-kit/Isometric/tile_riverBridge_S.png using Guid(a0a8c1d531c2bf0e9a05648794968cd1) Importer(815301076,1909f56bfc062723c751e8b465ee728b) [PhysX] Initialized MultithreadedTaskDispatcher with 20 workers.
[PhysX] Initialized MultithreadedTaskDispatcher with 20 workers.
 -> (artifact id: '342f99dfd07308a43b234343a7ea628f') in 0.003748 seconds
Number of updated asset objects reloaded before import = 0
Number of asset objects unloaded after import = 2
========================================================================
Received Import Request.
  Time since last request: 0.012220 seconds.
  path: Assets/kenney_tower-defense-kit/Isometric/tile_riverSlopeLarge_E.png
  artifactKey: Guid(3c86363cb67e2c002afb64022d26d1a4) Importer(815301076,1909f56bfc062723c751e8b465ee728b)
Start importing Assets/kenney_tower-defense-kit/Isometric/tile_riverSlopeLarge_E.png using Guid(3c86363cb67e2c002afb64022d26d1a4) Importer(815301076,1909f56bfc062723c751e8b465ee728b) [PhysX] Initialized MultithreadedTaskDispatcher with 20 workers.
[PhysX] Initialized MultithreadedTaskDispatcher with 20 workers.
 -> (artifact id: '08cf61d8d3903202e05e1c37fdd1ed2e') in 0.005041 seconds
Number of updated asset objects reloaded before import = 0
Number of asset objects unloaded after import = 2
========================================================================
Received Import Request.
  Time since last request: 0.044279 seconds.
  path: Assets/kenney_tower-defense-kit/Side/tile_treeQuad.png
  artifactKey: Guid(1253765c342e6c6ac8c29da32dbbd199) Importer(815301076,1909f56bfc062723c751e8b465ee728b)
Start importing Assets/kenney_tower-defense-kit/Side/tile_treeQuad.png using Guid(1253765c342e6c6ac8c29da32dbbd199) Importer(815301076,1909f56bfc062723c751e8b465ee728b) [PhysX] Initialized MultithreadedTaskDispatcher with 20 workers.
[PhysX] Initialized MultithreadedTaskDispatcher with 20 workers.
 -> (artifact id: 'a45c2137e06591db131612579c34f686') in 0.004408 seconds
Number of updated asset objects reloaded before import = 0
Number of asset objects unloaded after import = 2
========================================================================
Received Import Request.
  Time since last request: 0.000021 seconds.
  path: Assets/kenney_tower-defense-kit/Isometric/tile_treeQuad_S.png
  artifactKey: Guid(daa7f67909fdde61493139ea10788de4) Importer(815301076,1909f56bfc062723c751e8b465ee728b)
Start importing Assets/kenney_tower-defense-kit/Isometric/tile_treeQuad_S.png using Guid(daa7f67909fdde61493139ea10788de4) Importer(815301076,1909f56bfc062723c751e8b465ee728b) [PhysX] Initialized MultithreadedTaskDispatcher with 20 workers.
[PhysX] Initialized MultithreadedTaskDispatcher with 20 workers.
 -> (artifact id: '2eefb9c2ea09b59eb7c31fc4083fa149') in 0.004067 seconds
Number of updated asset objects reloaded before import = 0
Number of asset objects unloaded after import = 2
========================================================================
Received Import Request.
  Time since last request: 0.009897 seconds.
  path: Assets/kenney_tower-defense-kit/Isometric/towerRound_base_N.png
  artifactKey: Guid(632baee6ea0b48506961e72d4bd9d04b) Importer(815301076,1909f56bfc062723c751e8b465ee728b)
Start importing Assets/kenney_tower-defense-kit/Isometric/towerRound_base_N.png using Guid(632baee6ea0b48506961e72d4bd9d04b) Importer(815301076,1909f56bfc062723c751e8b465ee728b) [PhysX] Initialized MultithreadedTaskDispatcher with 20 workers.
[PhysX] Initialized MultithreadedTaskDispatcher with 20 workers.
 -> (artifact id: '265b643897ac79b5850a1d5c0fd23cc1') in 0.005183 seconds
Number of updated asset objects reloaded before import = 0
Number of asset objects unloaded after import = 2
========================================================================
Received Import Request.
  Time since last request: 0.076654 seconds.
  path: Assets/kenney_tower-defense-kit/Isometric/towerSquare_bottomB_N.png
  artifactKey: Guid(86f166eeb49f8d695833a801d816160c) Importer(815301076,1909f56bfc062723c751e8b465ee728b)
Start importing Assets/kenney_tower-defense-kit/Isometric/towerSquare_bottomB_N.png using Guid(86f166eeb49f8d695833a801d816160c) Importer(815301076,1909f56bfc062723c751e8b465ee728b) [PhysX] Initialized MultithreadedTaskDispatcher with 20 workers.
[PhysX] Initialized MultithreadedTaskDispatcher with 20 workers.
 -> (artifact id: '47badaf26661e7000a60cc8c81b2ca92') in 0.004049 seconds
Number of updated asset objects reloaded before import = 0
Number of asset objects unloaded after import = 2
========================================================================
Received Import Request.
  Time since last request: 0.111153 seconds.
  path: Assets/kenney_tower-defense-kit/Isometric/towerSquare_topB_E.png
  artifactKey: Guid(1051e66f4d6903a92868e162a38cee0c) Importer(815301076,1909f56bfc062723c751e8b465ee728b)
Start importing Assets/kenney_tower-defense-kit/Isometric/towerSquare_topB_E.png using Guid(1051e66f4d6903a92868e162a38cee0c) Importer(815301076,1909f56bfc062723c751e8b465ee728b) [PhysX] Initialized MultithreadedTaskDispatcher with 20 workers.
[PhysX] Initialized MultithreadedTaskDispatcher with 20 workers.
 -> (artifact id: '4978247b5f80f795acc17fe256c2fcd4') in 0.004729 seconds
Number of updated asset objects reloaded before import = 0
Number of asset objects unloaded after import = 2
========================================================================
Received Import Request.
  Time since last request: 0.000013 seconds.
  path: Assets/kenney_tower-defense-kit/Isometric/towerSquare_topB_W.png
  artifactKey: Guid(36284a22012955a6bb9aad8737ac1d1c) Importer(815301076,1909f56bfc062723c751e8b465ee728b)
Start importing Assets/kenney_tower-defense-kit/Isometric/towerSquare_topB_W.png using Guid(36284a22012955a6bb9aad8737ac1d1c) Importer(815301076,1909f56bfc062723c751e8b465ee728b) [PhysX] Initialized MultithreadedTaskDispatcher with 20 workers.
[PhysX] Initialized MultithreadedTaskDispatcher with 20 workers.
 -> (artifact id: '398ce679d01954a0a788343c033cda12') in 0.003539 seconds
Number of updated asset objects reloaded before import = 0
Number of asset objects unloaded after import = 2
========================================================================
Received Import Request.
  Time since last request: 0.042013 seconds.
  path: Assets/kenney_tower-defense-kit/Isometric/woodStructure_high_W.png
  artifactKey: Guid(28152f0ffe0b086fa857e052c06d0e9d) Importer(815301076,1909f56bfc062723c751e8b465ee728b)
Start importing Assets/kenney_tower-defense-kit/Isometric/woodStructure_high_W.png using Guid(28152f0ffe0b086fa857e052c06d0e9d) Importer(815301076,1909f56bfc062723c751e8b465ee728b) [PhysX] Initialized MultithreadedTaskDispatcher with 20 workers.
[PhysX] Initialized MultithreadedTaskDispatcher with 20 workers.
 -> (artifact id: 'b0d12a593c01da65ec8e77ca1e28ba9f') in 0.004273 seconds
Number of updated asset objects reloaded before import = 0
Number of asset objects unloaded after import = 2
========================================================================
Received Prepare
Caller must complete domain reload
Begin MonoManager ReloadAssembly
- Loaded All Assemblies, in  0.341 seconds
Native extension for LinuxStandalone target not found
Native extension for WebGL target not found
[Package Manager] Server::EnsureServerProcessIsRunning -- launch failed, reason: Unity was launched with the -noUpm command-line argument
[Package Manager] UpmClient::Send -- Unable to send message (not connected to UPM process).
[Package Manager] Cannot connect to Unity Package Manager local server
Mono: successfully reloaded assembly
- Finished resetting the current domain, in  0.541 seconds
Domain Reload Profiling: 883ms
	BeginReloadAssembly (108ms)
		ExecutionOrderSort (0ms)
		DisableScriptedObjects (3ms)
		BackupInstance (0ms)
		ReleaseScriptingObjects (0ms)
		CreateAndSetChildDomain (31ms)
	RebuildCommonClasses (27ms)
	RebuildNativeTypeToScriptingClass (6ms)
	initialDomainReloadingComplete (22ms)
	LoadAllAssembliesAndSetupDomain (178ms)
		LoadAssemblies (210ms)
		RebuildTransferFunctionScriptingTraits (0ms)
		AnalyzeDomain (18ms)
			TypeCache.Refresh (9ms)
				TypeCache.ScanAssembly (0ms)
			ScanForSourceGeneratedMonoScriptInfo (0ms)
			ResolveRequiredComponents (6ms)
	FinalizeReload (542ms)
		ReleaseScriptCaches (0ms)
		RebuildScriptCaches (0ms)
		SetupLoadedEditorAssemblies (318ms)
			LogAssemblyErrors (0ms)
			InitializePlatformSupportModulesInManaged (5ms)
			SetLoadedEditorAssemblies (8ms)
			RefreshPlugins (0ms)
			BeforeProcessingInitializeOnLoad (45ms)
			ProcessInitializeOnLoadAttributes (239ms)
			ProcessInitializeOnLoadMethodAttributes (18ms)
			AfterProcessingInitializeOnLoad (3ms)
			EditorAssembliesLoaded (0ms)
		ExecutionOrderSort2 (0ms)
		AwakeInstancesAfterBackupRestoration (4ms)
Refreshing native plugins compatible for Editor in 0.58 ms, found 0 plugins.
Preloading 0 native plugins for Editor in 0.00 ms.
Unloading 3128 Unused Serialized files (Serialized files now loaded: 0)
Unloading 14 unused Assets / (28.5 KB). Loaded Objects now: 3617.
Memory consumption went from 189.1 MB to 189.1 MB.
Total: 2.915431 ms (FindLiveObjects: 0.164930 ms CreateObjectMapping: 0.128446 ms MarkObjects: 2.593586 ms  DeleteObjects: 0.027656 ms)

Prepare: number of updated asset objects reloaded= 0
AssetImportParameters requested are different than current active one (requested -> active):
  custom:container-demuxer-ogg: 62fdf1f143b41e24485cea50d1cbac27 -> 
  custom:video-decoder-ogg-theora: a1e56fd34408186e4bbccfd4996cb3dc -> 
  custom:scripting/monoscript/fileName/NewBehaviourScript.cs: b21687ddb03d73bd9f0c1daecb9714de -> 
  custom:CustomObjectIndexerAttribute: 232f87dd983dbecb2a4e21e08eb2cef8 -> 
  custom:container-demuxer-webm: 4f35f7cbe854078d1ac9338744f61a02 -> 
  custom:container-muxer-webm: aa71ff27fc2769a1b78a27578f13a17b -> 
  custom:video-decoder-webm-vp8: 9c59270c3fd7afecdb556c50c9e8de78 -> 
  custom:SearchIndexIgnoredProperties: e643bd26f0fe6173181afceb89e7c659 -> 
  custom:AudioImporter_EditorPlatform: 2f0ff77a95e0ac474e3e8eeba4e2f7cb -> 
  custom:video-encoder-webm-vp8: eb34c28f22e8b96e1ab97ce403110664 -> 
  custom:audio-decoder-ogg-vorbis: bf7c407c2cedff20999df2af8eb42d56 -> 
  custom:audio-encoder-webm-vorbis: bf7c407c2cedff20999df2af8eb42d56 -> 
Editor requested this worker to shutdown with reason: Scaling down because of idle timeout
TcpMessagingSession - receive error: operation aborted. errorcode: 125, details: Operation aborted.
AssetImportWorker is now disconnected from the server
Process exiting
